
> ipb@0.1.0 build
> next build

  ▲ Next.js 14.2.35
  - Environments: .env.local

   Creating an optimized production build ...
 ✓ Compiled successfully
   Linting and checking validity of types ...
   Collecting page data ...
   Generating static pages (0/30) ...
   Generating static pages (7/30) 
   Generating static pages (14/30) 
   Generating static pages (22/30) 
 ✓ Generating static pages (30/30)
   Finalizing page optimization ...
   Collecting build traces ...

Route (app)                              Size     First Load JS
┌ ○ /                                    145 B           113 kB
├ ○ /_not-found                          142 B          87.5 kB
├ ○ /blog                                3.51 kB         103 kB
├ ƒ /blog/[slug]                         2.06 kB        98.1 kB
├ ○ /contact                             4.01 kB         110 kB
├ ○ /diagnostic                          16.3 kB         104 kB
├ ○ /expertise/fissures                  2.2 kB          113 kB
├ ○ /expertise/humidite                  2.2 kB          113 kB
├ ○ /legal/cgv                           2.06 kB        98.1 kB
├ ○ /legal/confidentialite               2.06 kB        98.1 kB
├ ○ /legal/mentions-legales              2.06 kB        98.1 kB
├ ○ /robots.txt                          0 B                0 B
├ ○ /sitemap.xml                         0 B                0 B
├ ○ /test                                142 B          87.5 kB
└ ● /villes/[ville]                      146 B           113 kB
    ├ /villes/colomiers
    ├ /villes/muret
    ├ /villes/blagnac
    └ [+12 more paths]
+ First Load JS shared by all            87.3 kB
  ├ chunks/117-33efa183509a9d41.js       31.7 kB
  ├ chunks/fd9d1056-9e191f0896c1d560.js  53.6 kB
  └ other shared chunks (total)          1.95 kB


○  (Static)   prerendered as static content
●  (SSG)      prerendered as static HTML (uses getStaticProps)
ƒ  (Dynamic)  server-rendered on demand

